<?xml version="1.0" encoding="UTF-8"?>
<!-- Generated by org.testng.reporters.JUnitXMLReporter -->
<testsuite ignored="6" hostname="DESKTOP-2AOU9HH" failures="0" tests="1" name="Default test" time="9.151" errors="0" timestamp="2023-01-19T18:07:38 IST">
  <testcase classname="Test.ToolRentalAPI" name="updateOrder" time="8.933"/>
  <testcase classname="Test.ToolRentalAPI" name="complexParse" time="0.0">
    <ignored/>
  </testcase> <!-- complexParse -->
  <testcase classname="Test.ToolRentalAPI" name="getStatus" time="0.0">
    <ignored/>
  </testcase> <!-- getStatus -->
  <testcase classname="Test.ToolRentalAPI" name="getTools" time="0.0">
    <ignored/>
  </testcase> <!-- getTools -->
  <testcase classname="Test.ToolRentalAPI" name="getResultsWithPathVariable" time="0.0">
    <ignored/>
  </testcase> <!-- getResultsWithPathVariable -->
  <testcase classname="Test.ToolRentalAPI" name="registerNewUser" time="0.0">
    <ignored/>
  </testcase> <!-- registerNewUser -->
  <testcase classname="Test.ToolRentalAPI" name="getResult" time="0.0">
    <ignored/>
  </testcase> <!-- getResult -->
</testsuite> <!-- Default test -->
