<?xml version="1.0" encoding="UTF-8"?>
<!-- Generated by org.testng.reporters.JUnitXMLReporter -->
<testsuite ignored="3" hostname="DESKTOP-2AOU9HH" failures="0" tests="4" name="Test" time="9.828" errors="0" timestamp="2023-04-25T14:06:18 IST">
  <testcase classname="Test.ToolRentalAPI" name="complexParse" time="2.381"/>
  <testcase classname="Test.ToolRentalAPI" name="getResult" time="4.273"/>
  <testcase classname="Test.ToolRentalAPI" name="getStatus" time="1.489"/>
  <testcase classname="Test.ToolRentalAPI" name="getTools" time="1.594"/>
  <testcase classname="Test.ToolRentalAPI" name="getResultsWithPathVariable" time="0.0">
    <ignored/>
  </testcase> <!-- getResultsWithPathVariable -->
  <testcase classname="Test.ToolRentalAPI" name="updateOrder" time="0.0">
    <ignored/>
  </testcase> <!-- updateOrder -->
  <testcase classname="Test.ToolRentalAPI" name="registerNewUser" time="0.0">
    <ignored/>
  </testcase> <!-- registerNewUser -->
</testsuite> <!-- Test -->
