<?xml version="1.0" encoding="UTF-8"?>
<testng-results ignored="3" total="7" passed="4" failed="0" skipped="0">
  <reporter-output>
  </reporter-output>
  <suite started-at="2023-04-25T14:06:08 IST" name="Suite" finished-at="2023-04-25T14:06:18 IST" duration-ms="9828">
    <groups>
    </groups>
    <test started-at="2023-04-25T14:06:08 IST" name="Test" finished-at="2023-04-25T14:06:18 IST" duration-ms="9828">
      <class name="Test.ToolRentalAPI">
        <test-method signature="complexParse()[pri:0, instance:Test.ToolRentalAPI@4f9a3314]" started-at="2023-04-25T14:06:08 IST" name="complexParse" finished-at="2023-04-25T14:06:10 IST" duration-ms="2381" status="PASS">
          <reporter-output>
          </reporter-output>
        </test-method> <!-- complexParse -->
        <test-method signature="getResult()[pri:0, instance:Test.ToolRentalAPI@4f9a3314]" started-at="2023-04-25T14:06:10 IST" name="getResult" finished-at="2023-04-25T14:06:15 IST" duration-ms="4273" status="PASS">
          <reporter-output>
          </reporter-output>
        </test-method> <!-- getResult -->
        <test-method signature="getStatus()[pri:0, instance:Test.ToolRentalAPI@4f9a3314]" started-at="2023-04-25T14:06:15 IST" name="getStatus" finished-at="2023-04-25T14:06:16 IST" duration-ms="1489" status="PASS">
          <reporter-output>
          </reporter-output>
        </test-method> <!-- getStatus -->
        <test-method signature="getTools()[pri:0, instance:Test.ToolRentalAPI@4f9a3314]" started-at="2023-04-25T14:06:16 IST" name="getTools" finished-at="2023-04-25T14:06:18 IST" duration-ms="1594" status="PASS">
          <reporter-output>
          </reporter-output>
        </test-method> <!-- getTools -->
      </class> <!-- Test.ToolRentalAPI -->
    </test> <!-- Test -->
  </suite> <!-- Suite -->
</testng-results>
