<?xml version="1.0" encoding="UTF-8"?>
<testng-results ignored="6" total="7" passed="1" failed="0" skipped="0">
  <reporter-output>
  </reporter-output>
  <suite started-at="2023-01-19T18:07:29 IST" name="Default suite" finished-at="2023-01-19T18:07:38 IST" duration-ms="9151">
    <groups>
    </groups>
    <test started-at="2023-01-19T18:07:29 IST" name="Default test" finished-at="2023-01-19T18:07:38 IST" duration-ms="9151">
      <class name="Test.ToolRentalAPI">
        <test-method signature="updateOrder()[pri:0, instance:Test.ToolRentalAPI@32b260fa]" started-at="2023-01-19T18:07:29 IST" name="updateOrder" finished-at="2023-01-19T18:07:38 IST" duration-ms="8933" status="PASS">
          <reporter-output>
          </reporter-output>
        </test-method> <!-- updateOrder -->
      </class> <!-- Test.ToolRentalAPI -->
    </test> <!-- Default test -->
  </suite> <!-- Default suite -->
</testng-results>
